<?xml version="1.0" encoding="UTF-8" ?>
<testsuite tests="6" failures="0" name="com.Figas.StreamTest" time="0.009" errors="0" skipped="0">
  <properties>
[...]
</properties>
  <testcase classname="com.Figas.StreamTest" name="com.Figas.StreamTest.testPares" time="0.005"/>
  <testcase classname="com.Figas.StreamTest" name="com.Figas.StreamTest.testQuads" time="0"/>
  <testcase classname="com.Figas.StreamTest" name="com.Figas.StreamTest.testSum" time="0.001"/>
  <testcase classname="com.Figas.StreamTest" name="com.Figas.StreamTest.testAllMatch" time="0.001"/>
  <testcase classname="com.Figas.StreamTest" name="com.Figas.StreamTest.testAnyMatch" time="0.001"/>
  <testcase classname="com.Figas.StreamTest" name="com.Figas.StreamTest.testMapReduce" time="0.001"/>
</testsuite>